<?xml version="1.0" encoding="UTF-8"?>
<Site BuildName="Linux-c++"
	BuildStamp="20231001-1202-Experimental"
	Name="pop-os"
	Generator="ctest-3.22.1"
	CompilerName="/usr/bin/c++"
	CompilerVersion="11.4.0"
	OSName="Linux"
	Hostname="pop-os"
	OSRelease="6.4.6-76060406-generic"
	OSVersion="#202307241739~1695312586~22.04~4d8f3e9 SMP PREEMPT_DYNAMIC Thu S"
	OSPlatform="x86_64"
	Is64Bits="1"
	VendorString="GenuineIntel"
	VendorID="Intel Corporation"
	FamilyID="6"
	ModelID="141"
	ProcessorCacheSize="24576"
	NumberOfLogicalCPU="16"
	NumberOfPhysicalCPU="8"
	TotalVirtualMemory="19809"
	TotalPhysicalMemory="15714"
	LogicalProcessorsPerPhysical="2"
	ProcessorClockFrequency="3047.4"
	>
	<Testing>
		<StartDateTime>Oct 01 20:02 CST</StartDateTime>
		<StartTestTime>1696161757</StartTestTime>
		<TestList/>
		<EndDateTime>Oct 01 20:02 CST</EndDateTime>
		<EndTestTime>1696161757</EndTestTime>
		<ElapsedMinutes>0</ElapsedMinutes>
	</Testing>
</Site>
